<?xml version="1.0" encoding="UTF-8"?>
<!-- Generated by org.testng.reporters.JUnitReportReporter -->
<testsuite hostname="LAPTOP-IARKJJ3P" failures="0" tests="1" name="testNGTest.VerifyRadioButton" time="14.051" errors="0" timestamp="2020-04-28T23:42:52 EDT" skipped="0">
  <testcase classname="testNGTest.VerifyRadioButton" name="verifyAllRadioButtons" time="14.051"/>
  <system-out/>
</testsuite> <!-- testNGTest.VerifyRadioButton -->
